<?xml version="1.0" encoding="UTF-8"?>
<!-- Generated by org.testng.reporters.JUnitXMLReporter -->
<testsuite hostname="BDC4-D-5SR1RG2" ignored="1" name="MyFirstTest" tests="3" failures="0" timestamp="17 Sep 2018 09:22:51 GMT" time="0.528" errors="0">
  <testcase name="testcase2" time="0.009" classname="programone_Testng.BasicAnnotations"/>
  <testcase name="testcase" time="0.026" classname="programone_Testng.dataprovide_example"/>
  <testcase name="testcase" time="0.006" classname="programone_Testng.dataprovide_example"/>
  <testcase name="testcase" time="0.0" classname="programone_Testng.BasicAnnotations">
    <ignored/>
  </testcase> <!-- testcase -->
</testsuite> <!-- MyFirstTest -->
